<?xml version="1.0" encoding="UTF-8"?>
<!-- Generated by org.testng.reporters.JUnitXMLReporter -->
<testsuite hostname="DESKTOP-2CDHK3O" ignored="0" name="TC_LoginTest_001c4" tests="1" failures="1" timestamp="2020-02-15T17:00:43 IST" time="26.5" errors="0">
  <testcase name="loginTest" time="9.31" classname="com.inetbanking.testcases.TC_LoginTest_001c4">
    <failure type="java.lang.AssertionError" message="did not expect to find [true] but found [false]">
      <![CDATA[java.lang.AssertionError: did not expect to find [true] but found [false]
at com.inetbanking.testcases.TC_LoginTest_001c4.loginTest(TC_LoginTest_001c4.java:35)
at java.util.ArrayList.forEach(Unknown Source)
... Removed 31 stack frames]]>
    </failure>
  </testcase> <!-- loginTest -->
</testsuite> <!-- TC_LoginTest_001c4 -->
